2018-07-24T11:49:15+00:00 CRITICAL Uncaught Error: Call to undefined function the_date_event() in /var/www/html/hyperspace/Site-photographe/wp/wp-content/themes/fivetok/template-parts/posts/page-event.php:6
Stack trace:
#0 /var/www/html/hyperspace/Site-photographe/wp/wp-includes/template.php(690): require()
#1 /var/www/html/hyperspace/Site-photographe/wp/wp-includes/template.php(647): load_template('/var/www/html/h...', false)
#2 /var/www/html/hyperspace/Site-photographe/wp/wp-includes/general-template.php(155): locate_template(Array, true, false)
#3 /var/www/html/hyperspace/Site-photographe/wp/wp-content/themes/fivetok/front-page.php(82): get_template_part('template-parts/...', 'event')
#4 /var/www/html/hyperspace/Site-photographe/wp/wp-includes/template-loader.php(74): include('/var/www/html/h...')
#5 /var/www/html/hyperspace/Site-photographe/wp/wp-blog-header.php(19): require_once('/var/www/html/h...')
#6 /var/www/html/hyperspace/Site-photographe/index.php(17): require('/var/www/html/h...')
#7 {main}
  thrown

2018-07-24T11:49:25+00:00 CRITICAL Uncaught Error: Call to undefined function get_the_date_event() in /var/www/html/hyperspace/Site-photographe/wp/wp-content/themes/fivetok/template-parts/posts/page-event.php:6
Stack trace:
#0 /var/www/html/hyperspace/Site-photographe/wp/wp-includes/template.php(690): require()
#1 /var/www/html/hyperspace/Site-photographe/wp/wp-includes/template.php(647): load_template('/var/www/html/h...', false)
#2 /var/www/html/hyperspace/Site-photographe/wp/wp-includes/general-template.php(155): locate_template(Array, true, false)
#3 /var/www/html/hyperspace/Site-photographe/wp/wp-content/themes/fivetok/front-page.php(82): get_template_part('template-parts/...', 'event')
#4 /var/www/html/hyperspace/Site-photographe/wp/wp-includes/template-loader.php(74): include('/var/www/html/h...')
#5 /var/www/html/hyperspace/Site-photographe/wp/wp-blog-header.php(19): require_once('/var/www/html/h...')
#6 /var/www/html/hyperspace/Site-photographe/index.php(17): require('/var/www/html/h...')
#7 {main}
  thrown

2018-07-24T11:49:28+00:00 CRITICAL Uncaught Error: Call to undefined function get_the_date_event() in /var/www/html/hyperspace/Site-photographe/wp/wp-content/themes/fivetok/template-parts/posts/page-event.php:6
Stack trace:
#0 /var/www/html/hyperspace/Site-photographe/wp/wp-includes/template.php(690): require()
#1 /var/www/html/hyperspace/Site-photographe/wp/wp-includes/template.php(647): load_template('/var/www/html/h...', false)
#2 /var/www/html/hyperspace/Site-photographe/wp/wp-includes/general-template.php(155): locate_template(Array, true, false)
#3 /var/www/html/hyperspace/Site-photographe/wp/wp-content/themes/fivetok/front-page.php(82): get_template_part('template-parts/...', 'event')
#4 /var/www/html/hyperspace/Site-photographe/wp/wp-includes/template-loader.php(74): include('/var/www/html/h...')
#5 /var/www/html/hyperspace/Site-photographe/wp/wp-blog-header.php(19): require_once('/var/www/html/h...')
#6 /var/www/html/hyperspace/Site-photographe/index.php(17): require('/var/www/html/h...')
#7 {main}
  thrown

2018-07-24T11:49:34+00:00 CRITICAL Uncaught Error: Call to undefined function date_event() in /var/www/html/hyperspace/Site-photographe/wp/wp-content/themes/fivetok/template-parts/posts/page-event.php:6
Stack trace:
#0 /var/www/html/hyperspace/Site-photographe/wp/wp-includes/template.php(690): require()
#1 /var/www/html/hyperspace/Site-photographe/wp/wp-includes/template.php(647): load_template('/var/www/html/h...', false)
#2 /var/www/html/hyperspace/Site-photographe/wp/wp-includes/general-template.php(155): locate_template(Array, true, false)
#3 /var/www/html/hyperspace/Site-photographe/wp/wp-content/themes/fivetok/front-page.php(82): get_template_part('template-parts/...', 'event')
#4 /var/www/html/hyperspace/Site-photographe/wp/wp-includes/template-loader.php(74): include('/var/www/html/h...')
#5 /var/www/html/hyperspace/Site-photographe/wp/wp-blog-header.php(19): require_once('/var/www/html/h...')
#6 /var/www/html/hyperspace/Site-photographe/index.php(17): require('/var/www/html/h...')
#7 {main}
  thrown

2018-07-24T11:50:46+00:00 CRITICAL Uncaught Error: Call to undefined function get_date_event() in /var/www/html/hyperspace/Site-photographe/wp/wp-content/themes/fivetok/template-parts/posts/page-event.php:6
Stack trace:
#0 /var/www/html/hyperspace/Site-photographe/wp/wp-includes/template.php(690): require()
#1 /var/www/html/hyperspace/Site-photographe/wp/wp-includes/template.php(647): load_template('/var/www/html/h...', false)
#2 /var/www/html/hyperspace/Site-photographe/wp/wp-includes/general-template.php(155): locate_template(Array, true, false)
#3 /var/www/html/hyperspace/Site-photographe/wp/wp-content/themes/fivetok/front-page.php(82): get_template_part('template-parts/...', 'event')
#4 /var/www/html/hyperspace/Site-photographe/wp/wp-includes/template-loader.php(74): include('/var/www/html/h...')
#5 /var/www/html/hyperspace/Site-photographe/wp/wp-blog-header.php(19): require_once('/var/www/html/h...')
#6 /var/www/html/hyperspace/Site-photographe/index.php(17): require('/var/www/html/h...')
#7 {main}
  thrown

2018-07-24T11:51:04+00:00 CRITICAL Uncaught Error: Call to undefined function get_date_event() in /var/www/html/hyperspace/Site-photographe/wp/wp-content/themes/fivetok/template-parts/posts/page-event.php:6
Stack trace:
#0 /var/www/html/hyperspace/Site-photographe/wp/wp-includes/template.php(690): require()
#1 /var/www/html/hyperspace/Site-photographe/wp/wp-includes/template.php(647): load_template('/var/www/html/h...', false)
#2 /var/www/html/hyperspace/Site-photographe/wp/wp-includes/general-template.php(155): locate_template(Array, true, false)
#3 /var/www/html/hyperspace/Site-photographe/wp/wp-content/themes/fivetok/front-page.php(82): get_template_part('template-parts/...', 'event')
#4 /var/www/html/hyperspace/Site-photographe/wp/wp-includes/template-loader.php(74): include('/var/www/html/h...')
#5 /var/www/html/hyperspace/Site-photographe/wp/wp-blog-header.php(19): require_once('/var/www/html/h...')
#6 /var/www/html/hyperspace/Site-photographe/index.php(17): require('/var/www/html/h...')
#7 {main}
  thrown

2018-07-24T11:51:12+00:00 CRITICAL Uncaught Error: Call to undefined function get_the_date_event() in /var/www/html/hyperspace/Site-photographe/wp/wp-content/themes/fivetok/template-parts/posts/page-event.php:6
Stack trace:
#0 /var/www/html/hyperspace/Site-photographe/wp/wp-includes/template.php(690): require()
#1 /var/www/html/hyperspace/Site-photographe/wp/wp-includes/template.php(647): load_template('/var/www/html/h...', false)
#2 /var/www/html/hyperspace/Site-photographe/wp/wp-includes/general-template.php(155): locate_template(Array, true, false)
#3 /var/www/html/hyperspace/Site-photographe/wp/wp-content/themes/fivetok/front-page.php(82): get_template_part('template-parts/...', 'event')
#4 /var/www/html/hyperspace/Site-photographe/wp/wp-includes/template-loader.php(74): include('/var/www/html/h...')
#5 /var/www/html/hyperspace/Site-photographe/wp/wp-blog-header.php(19): require_once('/var/www/html/h...')
#6 /var/www/html/hyperspace/Site-photographe/index.php(17): require('/var/www/html/h...')
#7 {main}
  thrown

2018-07-24T11:51:19+00:00 CRITICAL Uncaught Error: Call to undefined function date_event() in /var/www/html/hyperspace/Site-photographe/wp/wp-content/themes/fivetok/template-parts/posts/page-event.php:6
Stack trace:
#0 /var/www/html/hyperspace/Site-photographe/wp/wp-includes/template.php(690): require()
#1 /var/www/html/hyperspace/Site-photographe/wp/wp-includes/template.php(647): load_template('/var/www/html/h...', false)
#2 /var/www/html/hyperspace/Site-photographe/wp/wp-includes/general-template.php(155): locate_template(Array, true, false)
#3 /var/www/html/hyperspace/Site-photographe/wp/wp-content/themes/fivetok/front-page.php(82): get_template_part('template-parts/...', 'event')
#4 /var/www/html/hyperspace/Site-photographe/wp/wp-includes/template-loader.php(74): include('/var/www/html/h...')
#5 /var/www/html/hyperspace/Site-photographe/wp/wp-blog-header.php(19): require_once('/var/www/html/h...')
#6 /var/www/html/hyperspace/Site-photographe/index.php(17): require('/var/www/html/h...')
#7 {main}
  thrown

2018-07-24T11:51:59+00:00 CRITICAL Uncaught Error: Call to undefined function get_date() in /var/www/html/hyperspace/Site-photographe/wp/wp-content/themes/fivetok/template-parts/posts/page-event.php:6
Stack trace:
#0 /var/www/html/hyperspace/Site-photographe/wp/wp-includes/template.php(690): require()
#1 /var/www/html/hyperspace/Site-photographe/wp/wp-includes/template.php(647): load_template('/var/www/html/h...', false)
#2 /var/www/html/hyperspace/Site-photographe/wp/wp-includes/general-template.php(155): locate_template(Array, true, false)
#3 /var/www/html/hyperspace/Site-photographe/wp/wp-content/themes/fivetok/front-page.php(82): get_template_part('template-parts/...', 'event')
#4 /var/www/html/hyperspace/Site-photographe/wp/wp-includes/template-loader.php(74): include('/var/www/html/h...')
#5 /var/www/html/hyperspace/Site-photographe/wp/wp-blog-header.php(19): require_once('/var/www/html/h...')
#6 /var/www/html/hyperspace/Site-photographe/index.php(17): require('/var/www/html/h...')
#7 {main}
  thrown

