[12-Jul-2018 13:39:48 UTC] PHP Warning:  define() expects at least 2 parameters, 1 given in /var/www/html/hyperspace/Site-photographe/wp/wp-content/themes/fivetok/functions.php on line 6
[12-Jul-2018 13:39:48 UTC] PHP Warning:  require(/var/www/html/hyperspace/Site-photographe/wp/wp-content/themes/fivetok/inc/setup-theme.php): failed to open stream: No such file or directory in /var/www/html/hyperspace/Site-photographe/wp/wp-content/themes/fivetok/functions.php on line 9
[12-Jul-2018 13:39:48 UTC] PHP Fatal error:  require(): Failed opening required '/var/www/html/hyperspace/Site-photographe/wp/wp-content/themes/fivetok/inc/setup-theme.php' (include_path='.:/usr/share/php') in /var/www/html/hyperspace/Site-photographe/wp/wp-content/themes/fivetok/functions.php on line 9
[12-Jul-2018 13:40:21 UTC] PHP Warning:  require(/var/www/html/hyperspace/Site-photographe/wp/wp-content/themes/fivetok/inc/setup-theme.php): failed to open stream: No such file or directory in /var/www/html/hyperspace/Site-photographe/wp/wp-content/themes/fivetok/functions.php on line 9
[12-Jul-2018 13:40:21 UTC] PHP Fatal error:  require(): Failed opening required '/var/www/html/hyperspace/Site-photographe/wp/wp-content/themes/fivetok/inc/setup-theme.php' (include_path='.:/usr/share/php') in /var/www/html/hyperspace/Site-photographe/wp/wp-content/themes/fivetok/functions.php on line 9
[14-Jul-2018 15:02:47 UTC] PHP Notice:  Use of undefined constant benibla - assumed 'benibla' in /var/www/html/hyperspace/Site-photographe/wp/wp-content/themes/fivetok/template-parts/posts/banner.php on line 1
[14-Jul-2018 15:02:47 UTC] PHP Notice:  Use of undefined constant alkapote - assumed 'alkapote' in /var/www/html/hyperspace/Site-photographe/wp/wp-content/themes/fivetok/template-parts/posts/banner.php on line 1
[17-Jul-2018 11:12:20 UTC] PHP Warning:  copy() expects parameter 1 to be a valid path, object given in /var/www/html/hyperspace/Site-photographe/wp/wp-content/plugins/ultimate-member/includes/admin/class-admin.php on line 174
[17-Jul-2018 11:12:20 UTC] PHP Warning:  unlink() expects parameter 1 to be a valid path, object given in /var/www/html/hyperspace/Site-photographe/wp/wp-content/plugins/ultimate-member/includes/admin/class-admin.php on line 175
[17-Jul-2018 11:12:20 UTC] PHP Warning:  copy() expects parameter 1 to be a valid path, object given in /var/www/html/hyperspace/Site-photographe/wp/wp-content/plugins/ultimate-member/includes/admin/class-admin.php on line 178
[17-Jul-2018 11:12:20 UTC] PHP Warning:  unlink() expects parameter 1 to be a valid path, object given in /var/www/html/hyperspace/Site-photographe/wp/wp-content/plugins/ultimate-member/includes/admin/class-admin.php on line 179
[17-Jul-2018 11:12:34 UTC] PHP Warning:  copy() expects parameter 1 to be a valid path, object given in /var/www/html/hyperspace/Site-photographe/wp/wp-content/plugins/ultimate-member/includes/admin/class-admin.php on line 174
[17-Jul-2018 11:12:34 UTC] PHP Warning:  unlink() expects parameter 1 to be a valid path, object given in /var/www/html/hyperspace/Site-photographe/wp/wp-content/plugins/ultimate-member/includes/admin/class-admin.php on line 175
[17-Jul-2018 11:12:35 UTC] PHP Warning:  copy() expects parameter 1 to be a valid path, object given in /var/www/html/hyperspace/Site-photographe/wp/wp-content/plugins/ultimate-member/includes/admin/class-admin.php on line 178
[17-Jul-2018 11:12:35 UTC] PHP Warning:  unlink() expects parameter 1 to be a valid path, object given in /var/www/html/hyperspace/Site-photographe/wp/wp-content/plugins/ultimate-member/includes/admin/class-admin.php on line 179
[18-Jul-2018 13:03:31 UTC] PHP Notice:  Use of undefined constant benibla - assumed 'benibla' in /var/www/html/hyperspace/Site-photographe/wp/wp-content/themes/fivetok/template-parts/posts/banner.php on line 1
[18-Jul-2018 13:03:31 UTC] PHP Notice:  Use of undefined constant alkapote - assumed 'alkapote' in /var/www/html/hyperspace/Site-photographe/wp/wp-content/themes/fivetok/template-parts/posts/banner.php on line 1
[18-Jul-2018 14:35:33 UTC] PHP Notice:  Undefined offset: 1 in /var/www/html/hyperspace/Site-photographe/wp/wp-includes/class-wp-query.php on line 3071
[19-Jul-2018 18:48:03 UTC] PHP Notice:  Undefined index: HTTP_HOST in /var/www/html/hyperspace/Site-photographe/wp/wp-content/plugins/ultimate-member/includes/core/class-permalinks.php on line 136
[20-Jul-2018 11:39:30 UTC] PHP Notice:  Undefined index: store_state in /var/www/html/hyperspace/Site-photographe/wp/wp-content/plugins/woocommerce/includes/admin/class-wc-admin-setup-wizard.php on line 517
[24-Jul-2018 09:49:15 UTC] PHP Fatal error:  Uncaught Error: Call to undefined function the_date_event() in /var/www/html/hyperspace/Site-photographe/wp/wp-content/themes/fivetok/template-parts/posts/page-event.php:6
Stack trace:
#0 /var/www/html/hyperspace/Site-photographe/wp/wp-includes/template.php(690): require()
#1 /var/www/html/hyperspace/Site-photographe/wp/wp-includes/template.php(647): load_template('/var/www/html/h...', false)
#2 /var/www/html/hyperspace/Site-photographe/wp/wp-includes/general-template.php(155): locate_template(Array, true, false)
#3 /var/www/html/hyperspace/Site-photographe/wp/wp-content/themes/fivetok/front-page.php(82): get_template_part('template-parts/...', 'event')
#4 /var/www/html/hyperspace/Site-photographe/wp/wp-includes/template-loader.php(74): include('/var/www/html/h...')
#5 /var/www/html/hyperspace/Site-photographe/wp/wp-blog-header.php(19): require_once('/var/www/html/h...')
#6 /var/www/html/hyperspace/Site-photographe/index.php(17): require('/var/www/html/h...')
#7 {main}
  thrown in /var/www/html/hyperspace/Site-photographe/wp/wp-content/themes/fivetok/template-parts/posts/page-event.php on line 6
[24-Jul-2018 09:49:25 UTC] PHP Fatal error:  Uncaught Error: Call to undefined function get_the_date_event() in /var/www/html/hyperspace/Site-photographe/wp/wp-content/themes/fivetok/template-parts/posts/page-event.php:6
Stack trace:
#0 /var/www/html/hyperspace/Site-photographe/wp/wp-includes/template.php(690): require()
#1 /var/www/html/hyperspace/Site-photographe/wp/wp-includes/template.php(647): load_template('/var/www/html/h...', false)
#2 /var/www/html/hyperspace/Site-photographe/wp/wp-includes/general-template.php(155): locate_template(Array, true, false)
#3 /var/www/html/hyperspace/Site-photographe/wp/wp-content/themes/fivetok/front-page.php(82): get_template_part('template-parts/...', 'event')
#4 /var/www/html/hyperspace/Site-photographe/wp/wp-includes/template-loader.php(74): include('/var/www/html/h...')
#5 /var/www/html/hyperspace/Site-photographe/wp/wp-blog-header.php(19): require_once('/var/www/html/h...')
#6 /var/www/html/hyperspace/Site-photographe/index.php(17): require('/var/www/html/h...')
#7 {main}
  thrown in /var/www/html/hyperspace/Site-photographe/wp/wp-content/themes/fivetok/template-parts/posts/page-event.php on line 6
[24-Jul-2018 09:49:28 UTC] PHP Fatal error:  Uncaught Error: Call to undefined function get_the_date_event() in /var/www/html/hyperspace/Site-photographe/wp/wp-content/themes/fivetok/template-parts/posts/page-event.php:6
Stack trace:
#0 /var/www/html/hyperspace/Site-photographe/wp/wp-includes/template.php(690): require()
#1 /var/www/html/hyperspace/Site-photographe/wp/wp-includes/template.php(647): load_template('/var/www/html/h...', false)
#2 /var/www/html/hyperspace/Site-photographe/wp/wp-includes/general-template.php(155): locate_template(Array, true, false)
#3 /var/www/html/hyperspace/Site-photographe/wp/wp-content/themes/fivetok/front-page.php(82): get_template_part('template-parts/...', 'event')
#4 /var/www/html/hyperspace/Site-photographe/wp/wp-includes/template-loader.php(74): include('/var/www/html/h...')
#5 /var/www/html/hyperspace/Site-photographe/wp/wp-blog-header.php(19): require_once('/var/www/html/h...')
#6 /var/www/html/hyperspace/Site-photographe/index.php(17): require('/var/www/html/h...')
#7 {main}
  thrown in /var/www/html/hyperspace/Site-photographe/wp/wp-content/themes/fivetok/template-parts/posts/page-event.php on line 6
[24-Jul-2018 09:49:34 UTC] PHP Fatal error:  Uncaught Error: Call to undefined function date_event() in /var/www/html/hyperspace/Site-photographe/wp/wp-content/themes/fivetok/template-parts/posts/page-event.php:6
Stack trace:
#0 /var/www/html/hyperspace/Site-photographe/wp/wp-includes/template.php(690): require()
#1 /var/www/html/hyperspace/Site-photographe/wp/wp-includes/template.php(647): load_template('/var/www/html/h...', false)
#2 /var/www/html/hyperspace/Site-photographe/wp/wp-includes/general-template.php(155): locate_template(Array, true, false)
#3 /var/www/html/hyperspace/Site-photographe/wp/wp-content/themes/fivetok/front-page.php(82): get_template_part('template-parts/...', 'event')
#4 /var/www/html/hyperspace/Site-photographe/wp/wp-includes/template-loader.php(74): include('/var/www/html/h...')
#5 /var/www/html/hyperspace/Site-photographe/wp/wp-blog-header.php(19): require_once('/var/www/html/h...')
#6 /var/www/html/hyperspace/Site-photographe/index.php(17): require('/var/www/html/h...')
#7 {main}
  thrown in /var/www/html/hyperspace/Site-photographe/wp/wp-content/themes/fivetok/template-parts/posts/page-event.php on line 6
[24-Jul-2018 09:50:46 UTC] PHP Fatal error:  Uncaught Error: Call to undefined function get_date_event() in /var/www/html/hyperspace/Site-photographe/wp/wp-content/themes/fivetok/template-parts/posts/page-event.php:6
Stack trace:
#0 /var/www/html/hyperspace/Site-photographe/wp/wp-includes/template.php(690): require()
#1 /var/www/html/hyperspace/Site-photographe/wp/wp-includes/template.php(647): load_template('/var/www/html/h...', false)
#2 /var/www/html/hyperspace/Site-photographe/wp/wp-includes/general-template.php(155): locate_template(Array, true, false)
#3 /var/www/html/hyperspace/Site-photographe/wp/wp-content/themes/fivetok/front-page.php(82): get_template_part('template-parts/...', 'event')
#4 /var/www/html/hyperspace/Site-photographe/wp/wp-includes/template-loader.php(74): include('/var/www/html/h...')
#5 /var/www/html/hyperspace/Site-photographe/wp/wp-blog-header.php(19): require_once('/var/www/html/h...')
#6 /var/www/html/hyperspace/Site-photographe/index.php(17): require('/var/www/html/h...')
#7 {main}
  thrown in /var/www/html/hyperspace/Site-photographe/wp/wp-content/themes/fivetok/template-parts/posts/page-event.php on line 6
[24-Jul-2018 09:51:04 UTC] PHP Fatal error:  Uncaught Error: Call to undefined function get_date_event() in /var/www/html/hyperspace/Site-photographe/wp/wp-content/themes/fivetok/template-parts/posts/page-event.php:6
Stack trace:
#0 /var/www/html/hyperspace/Site-photographe/wp/wp-includes/template.php(690): require()
#1 /var/www/html/hyperspace/Site-photographe/wp/wp-includes/template.php(647): load_template('/var/www/html/h...', false)
#2 /var/www/html/hyperspace/Site-photographe/wp/wp-includes/general-template.php(155): locate_template(Array, true, false)
#3 /var/www/html/hyperspace/Site-photographe/wp/wp-content/themes/fivetok/front-page.php(82): get_template_part('template-parts/...', 'event')
#4 /var/www/html/hyperspace/Site-photographe/wp/wp-includes/template-loader.php(74): include('/var/www/html/h...')
#5 /var/www/html/hyperspace/Site-photographe/wp/wp-blog-header.php(19): require_once('/var/www/html/h...')
#6 /var/www/html/hyperspace/Site-photographe/index.php(17): require('/var/www/html/h...')
#7 {main}
  thrown in /var/www/html/hyperspace/Site-photographe/wp/wp-content/themes/fivetok/template-parts/posts/page-event.php on line 6
[24-Jul-2018 09:51:12 UTC] PHP Fatal error:  Uncaught Error: Call to undefined function get_the_date_event() in /var/www/html/hyperspace/Site-photographe/wp/wp-content/themes/fivetok/template-parts/posts/page-event.php:6
Stack trace:
#0 /var/www/html/hyperspace/Site-photographe/wp/wp-includes/template.php(690): require()
#1 /var/www/html/hyperspace/Site-photographe/wp/wp-includes/template.php(647): load_template('/var/www/html/h...', false)
#2 /var/www/html/hyperspace/Site-photographe/wp/wp-includes/general-template.php(155): locate_template(Array, true, false)
#3 /var/www/html/hyperspace/Site-photographe/wp/wp-content/themes/fivetok/front-page.php(82): get_template_part('template-parts/...', 'event')
#4 /var/www/html/hyperspace/Site-photographe/wp/wp-includes/template-loader.php(74): include('/var/www/html/h...')
#5 /var/www/html/hyperspace/Site-photographe/wp/wp-blog-header.php(19): require_once('/var/www/html/h...')
#6 /var/www/html/hyperspace/Site-photographe/index.php(17): require('/var/www/html/h...')
#7 {main}
  thrown in /var/www/html/hyperspace/Site-photographe/wp/wp-content/themes/fivetok/template-parts/posts/page-event.php on line 6
[24-Jul-2018 09:51:19 UTC] PHP Fatal error:  Uncaught Error: Call to undefined function date_event() in /var/www/html/hyperspace/Site-photographe/wp/wp-content/themes/fivetok/template-parts/posts/page-event.php:6
Stack trace:
#0 /var/www/html/hyperspace/Site-photographe/wp/wp-includes/template.php(690): require()
#1 /var/www/html/hyperspace/Site-photographe/wp/wp-includes/template.php(647): load_template('/var/www/html/h...', false)
#2 /var/www/html/hyperspace/Site-photographe/wp/wp-includes/general-template.php(155): locate_template(Array, true, false)
#3 /var/www/html/hyperspace/Site-photographe/wp/wp-content/themes/fivetok/front-page.php(82): get_template_part('template-parts/...', 'event')
#4 /var/www/html/hyperspace/Site-photographe/wp/wp-includes/template-loader.php(74): include('/var/www/html/h...')
#5 /var/www/html/hyperspace/Site-photographe/wp/wp-blog-header.php(19): require_once('/var/www/html/h...')
#6 /var/www/html/hyperspace/Site-photographe/index.php(17): require('/var/www/html/h...')
#7 {main}
  thrown in /var/www/html/hyperspace/Site-photographe/wp/wp-content/themes/fivetok/template-parts/posts/page-event.php on line 6
[24-Jul-2018 09:51:59 UTC] PHP Fatal error:  Uncaught Error: Call to undefined function get_date() in /var/www/html/hyperspace/Site-photographe/wp/wp-content/themes/fivetok/template-parts/posts/page-event.php:6
Stack trace:
#0 /var/www/html/hyperspace/Site-photographe/wp/wp-includes/template.php(690): require()
#1 /var/www/html/hyperspace/Site-photographe/wp/wp-includes/template.php(647): load_template('/var/www/html/h...', false)
#2 /var/www/html/hyperspace/Site-photographe/wp/wp-includes/general-template.php(155): locate_template(Array, true, false)
#3 /var/www/html/hyperspace/Site-photographe/wp/wp-content/themes/fivetok/front-page.php(82): get_template_part('template-parts/...', 'event')
#4 /var/www/html/hyperspace/Site-photographe/wp/wp-includes/template-loader.php(74): include('/var/www/html/h...')
#5 /var/www/html/hyperspace/Site-photographe/wp/wp-blog-header.php(19): require_once('/var/www/html/h...')
#6 /var/www/html/hyperspace/Site-photographe/index.php(17): require('/var/www/html/h...')
#7 {main}
  thrown in /var/www/html/hyperspace/Site-photographe/wp/wp-content/themes/fivetok/template-parts/posts/page-event.php on line 6
[24-Jul-2018 10:15:10 UTC] PHP Notice:  Undefined index: store_state in /var/www/html/hyperspace/Site-photographe/wp/wp-content/plugins/woocommerce/includes/admin/class-wc-admin-setup-wizard.php on line 517
[31-Aug-2018 11:56:51 UTC] PHP Warning:  mysqli_real_connect(): (HY000/2002): Connection timed out in /var/www/html/hyperspace/Site-photographe/wp/wp-includes/wp-db.php on line 1531
[31-Aug-2018 11:57:16 UTC] PHP Warning:  mysqli_real_connect(): (HY000/2002): Connection timed out in /var/www/html/hyperspace/Site-photographe/wp/wp-includes/wp-db.php on line 1531
[12-Sep-2018 19:46:57 UTC] PHP Warning:  mysqli_real_connect(): (HY000/2002): Connection refused in /var/www/html/hyperspace/Site-photographe/wp/wp-includes/wp-db.php on line 1531
[20-Nov-2018 13:33:22 UTC] PHP Warning:  mysqli_real_connect(): (HY000/2002): Connection timed out in /var/www/html/hyperspace/Site-photographe/wp/wp-includes/wp-db.php on line 1531
[04-Jan-2019 15:27:32 UTC] PHP Warning:  mysqli_real_connect(): (HY000/2002): Connection timed out in /var/www/html/hyperspace/Site-photographe/wp/wp-includes/wp-db.php on line 1531
[04-Jan-2019 15:27:34 UTC] PHP Warning:  mysqli_real_connect(): (HY000/2002): Connection timed out in /var/www/html/hyperspace/Site-photographe/wp/wp-includes/wp-db.php on line 1531
[04-Jan-2019 15:28:07 UTC] PHP Warning:  mysqli_real_connect(): (HY000/2002): Connection timed out in /var/www/html/hyperspace/Site-photographe/wp/wp-includes/wp-db.php on line 1531
